{
  "Cucumber Features": {
    "coverage": {
      "/Users/knguyen/RubymineProjects/Team-003-Final-Project/app/models/user.rb": {
        "lines": [
          null,
          null,
          null,
          null,
          null,
          null,
          null,
          null,
          null,
          null,
          null,
          null,
          null,
          null,
          null,
          null,
          1,
          1,
          null,
          1,
          1,
          1,
          1,
          null,
          null
        ]
      },
      "/Users/knguyen/RubymineProjects/Team-003-Final-Project/app/models/application_record.rb": {
        "lines": [
          1,
          1,
          null
        ]
      },
      "/Users/knguyen/RubymineProjects/Team-003-Final-Project/app/controllers/sessions_controller.rb": {
        "lines": [
          null,
          1,
          null,
          1,
          null,
          null,
          null,
          1,
          2,
          null,
          null,
          2,
          1,
          1,
          null,
          null,
          null,
          1,
          2,
          1,
          null,
          null,
          null,
          null,
          1,
          1,
          null,
          null,
          null,
          null,
          1,
          0,
          0,
          0,
          null,
          null,
          null
        ]
      },
      "/Users/knguyen/RubymineProjects/Team-003-Final-Project/app/controllers/application_controller.rb": {
        "lines": [
          1,
          null
        ]
      },
      "/Users/knguyen/RubymineProjects/Team-003-Final-Project/app/helpers/application_helper.rb": {
        "lines": [
          1,
          null
        ]
      },
      "/Users/knguyen/RubymineProjects/Team-003-Final-Project/app/controllers/home_controller.rb": {
        "lines": [
          1,
          1,
          2,
          null,
          null
        ]
      },
      "/Users/knguyen/RubymineProjects/Team-003-Final-Project/app/controllers/registrations_controller.rb": {
        "lines": [
          null,
          1,
          null,
          1,
          3,
          null,
          null,
          null,
          null,
          null,
          1,
          3,
          3,
          1,
          1,
          null,
          2,
          null,
          null,
          null,
          1,
          null,
          null,
          1,
          3,
          null,
          null
        ]
      },
      "/Users/knguyen/RubymineProjects/Team-003-Final-Project/app/mailers/application_mailer.rb": {
        "lines": [
          0,
          0,
          0,
          0
        ],
        "branches": {
        }
      },
      "/Users/knguyen/RubymineProjects/Team-003-Final-Project/app/jobs/application_job.rb": {
        "lines": [
          0,
          null,
          null,
          null,
          null,
          null,
          0
        ],
        "branches": {
        }
      },
      "/Users/knguyen/RubymineProjects/Team-003-Final-Project/app/channels/application_cable/connection.rb": {
        "lines": [
          0,
          0,
          0,
          0
        ],
        "branches": {
        }
      },
      "/Users/knguyen/RubymineProjects/Team-003-Final-Project/app/channels/application_cable/channel.rb": {
        "lines": [
          0,
          0,
          0,
          0
        ],
        "branches": {
        }
      }
    },
    "timestamp": 1699555848
  },
  "RSpec": {
    "coverage": {
      "/Users/knguyen/RubymineProjects/Team-003-Final-Project/app/helpers/application_helper.rb": {
        "lines": [
          1,
          null
        ]
      },
      "/Users/knguyen/RubymineProjects/Team-003-Final-Project/app/helpers/password_resets_helper.rb": {
        "lines": [
          1,
          null
        ]
      },
      "/Users/knguyen/RubymineProjects/Team-003-Final-Project/app/models/password_reset.rb": {
        "lines": [
          0,
          0,
          0
        ],
        "branches": {
        }
      },
      "/Users/knguyen/RubymineProjects/Team-003-Final-Project/app/models/application_record.rb": {
        "lines": [
          0,
          0,
          0
        ],
        "branches": {
        }
      },
      "/Users/knguyen/RubymineProjects/Team-003-Final-Project/app/models/user.rb": {
        "lines": [
          null,
          null,
          null,
          null,
          null,
          null,
          null,
          null,
          null,
          null,
          null,
          null,
          null,
          null,
          null,
          null,
          0,
          0,
          null,
          0,
          0,
          0,
          0,
          0,
          null
        ],
        "branches": {
        }
      },
      "/Users/knguyen/RubymineProjects/Team-003-Final-Project/app/controllers/application_controller.rb": {
        "lines": [
          0,
          0
        ],
        "branches": {
        }
      },
      "/Users/knguyen/RubymineProjects/Team-003-Final-Project/app/controllers/sessions_controller.rb": {
        "lines": [
          null,
          0,
          null,
          0,
          0,
          null,
          null,
          0,
          0,
          null,
          null,
          0,
          0,
          0,
          null,
          null,
          null,
          0,
          0,
          0,
          0,
          0,
          null,
          null,
          0,
          0,
          0,
          0,
          null,
          null,
          0,
          0,
          null,
          null,
          0,
          0,
          0,
          0,
          0,
          0,
          null
        ],
        "branches": {
        }
      },
      "/Users/knguyen/RubymineProjects/Team-003-Final-Project/app/controllers/home_controller.rb": {
        "lines": [
          0,
          0,
          0,
          0,
          0
        ],
        "branches": {
        }
      },
      "/Users/knguyen/RubymineProjects/Team-003-Final-Project/app/controllers/password_resets_controller.rb": {
        "lines": [
          0,
          0,
          0,
          null,
          0,
          0,
          0,
          null,
          0,
          0,
          0,
          0,
          0,
          null,
          0,
          null,
          0,
          null,
          0,
          0,
          0,
          0,
          0,
          0,
          0,
          0,
          0,
          0,
          0,
          null,
          0,
          0,
          0,
          0,
          0,
          null,
          0,
          0,
          null,
          0,
          0,
          0,
          null,
          0,
          null,
          0,
          0,
          0,
          0,
          0,
          0,
          0,
          0
        ],
        "branches": {
        }
      },
      "/Users/knguyen/RubymineProjects/Team-003-Final-Project/app/controllers/registrations_controller.rb": {
        "lines": [
          null,
          0,
          null,
          0,
          0,
          0,
          null,
          null,
          null,
          null,
          0,
          0,
          0,
          0,
          0,
          0,
          0,
          0,
          0,
          null,
          0,
          null,
          null,
          0,
          0,
          0,
          0
        ],
        "branches": {
        }
      }
    },
    "timestamp": 1699561118
  }
}
